<?xml version="1.0" encoding="UTF-8"?>
<!-- Generated by org.testng.reporters.JUnitReportReporter -->
<testsuite skipped="0" hostname="LAPTOP-H21MEEMT" name="api.dgdgd.postmethod" tests="2" failures="0" timestamp="2020-05-15T20:25:17 EDT" time="2.269" errors="0">
  <testcase name="test_post" time="2.233" classname="api.dgdgd.postmethod"/>
  <system-out/>
  <testcase name="verifyPost" time="0.036" classname="api.dgdgd.postmethod"/>
  <system-out/>
</testsuite> <!-- api.dgdgd.postmethod -->
