<?xml version="1.0" encoding="UTF-8"?>
<!-- Generated by org.testng.reporters.JUnitReportReporter -->
<testsuite skipped="0" hostname="LAPTOP-H21MEEMT" name="api.dgdgd.Putmethod" tests="2" failures="0" timestamp="2020-05-16T13:41:20 EDT" time="2.593" errors="0">
  <testcase name="putMet" time="1.944" classname="api.dgdgd.Putmethod"/>
  <system-out/>
  <testcase name="getmet" time="0.649" classname="api.dgdgd.Putmethod"/>
  <system-out/>
</testsuite> <!-- api.dgdgd.Putmethod -->
