<?xml version="1.0" encoding="UTF-8"?>
<!-- Generated by org.testng.reporters.JUnitReportReporter -->
<testsuite skipped="0" hostname="LAPTOP-H21MEEMT" name="api.dgdgd.Putmethod" tests="2" failures="0" timestamp="2020-05-15T19:39:01 EDT" time="2.298" errors="0">
  <testcase name="putMet" time="1.697" classname="api.dgdgd.Putmethod"/>
  <system-out/>
  <testcase name="getmet" time="0.601" classname="api.dgdgd.Putmethod"/>
  <system-out/>
</testsuite> <!-- api.dgdgd.Putmethod -->
