<?xml version="1.0" encoding="UTF-8"?>
<!-- Generated by org.testng.reporters.JUnitReportReporter -->
<testsuite skipped="0" hostname="LAPTOP-H21MEEMT" name="api.dgdgd.DelMet" tests="2" failures="0" timestamp="2020-05-16T13:33:50 EDT" time="1.989" errors="0">
  <testcase name="delMethod" time="1.951" classname="api.dgdgd.DelMet"/>
  <system-out/>
  <testcase name="getmet" time="0.038" classname="api.dgdgd.DelMet"/>
  <system-out/>
</testsuite> <!-- api.dgdgd.DelMet -->
