<?xml version="1.0" encoding="UTF-8"?>
<!-- Generated by org.testng.reporters.JUnitReportReporter -->
<testsuite skipped="0" hostname="LAPTOP-H21MEEMT" name="api.dgdgd.getmethod" tests="1" failures="0" timestamp="2020-05-15T20:03:50 EDT" time="1.692" errors="0">
  <testcase name="getMethod_01" time="1.692" classname="api.dgdgd.getmethod"/>
  <system-out/>
</testsuite> <!-- api.dgdgd.getmethod -->
